<?xml version="1.0" encoding="UTF-8"?>
<!-- Generated by org.testng.reporters.JUnitXMLReporter -->
<testsuite ignored="3" hostname="LAPTOP-49O6A011" failures="0" tests="4" name="Test(failed)" time="0.299" errors="0" timestamp="05 Sep 2022 00:44:05 GMT">
  <testcase classname="ALLTestNG.TestNGclaSS_C" name="getMyReturn" time="0.031"/>
  <testcase classname="ALLTestNG.TestNGclaSS_B" name="getMyLabel" time="0.013"/>
  <testcase classname="ALLTestNG.TestNGclaSS_A" name="getMyDelivery" time="0.009"/>
  <testcase classname="ALLTestNG.TestNGclaSS_A" name="getMyPayment" time="0.016"/>
  <testcase classname="ALLTestNG.TestNGclaSS_C" name="getCart" time="0.0">
    <ignored/>
  </testcase> <!-- getCart -->
  <testcase classname="ALLTestNG.TestNGclaSS_B" name="getMyShipping" time="0.0">
    <ignored/>
  </testcase> <!-- getMyShipping -->
  <testcase classname="ALLTestNG.TestNGclaSS_C" name="getShoppingBag" time="0.0">
    <ignored/>
  </testcase> <!-- getShoppingBag -->
</testsuite> <!-- Test(failed) -->
